ERROR - 2023-12-10 23:11:56 --> Error connecting to the database: mysqli_sql_exception: No se puede establecer una conexión ya que el equipo de destino denegó expresamente dicha conexión in C:\xampp\htdocs\DAW\ProyectoMateriaDAW\system\Database\MySQLi\Connection.php:184
Stack trace:
#0 C:\xampp\htdocs\DAW\ProyectoMateriaDAW\system\Database\MySQLi\Connection.php(184): mysqli->real_connect('localhost', 'root', Object(SensitiveParameterValue), 'ProyectoMateria...', 3306, '', 0)
#1 C:\xampp\htdocs\DAW\ProyectoMateriaDAW\system\Database\BaseConnection.php(392): CodeIgniter\Database\MySQLi\Connection->connect(false)
#2 C:\xampp\htdocs\DAW\ProyectoMateriaDAW\system\Database\BaseConnection.php(575): CodeIgniter\Database\BaseConnection->initialize()
#3 C:\xampp\htdocs\DAW\ProyectoMateriaDAW\system\Database\BaseBuilder.php(1615): CodeIgniter\Database\BaseConnection->query('SELECT *\nFROM `...', Array, false)
#4 C:\xampp\htdocs\DAW\ProyectoMateriaDAW\app\Controllers\AuthController.php(35): CodeIgniter\Database\BaseBuilder->get()
#5 C:\xampp\htdocs\DAW\ProyectoMateriaDAW\system\CodeIgniter.php(942): App\Controllers\AuthController->login()
#6 C:\xampp\htdocs\DAW\ProyectoMateriaDAW\system\CodeIgniter.php(502): CodeIgniter\CodeIgniter->runController(Object(App\Controllers\AuthController))
#7 C:\xampp\htdocs\DAW\ProyectoMateriaDAW\system\CodeIgniter.php(361): CodeIgniter\CodeIgniter->handleRequest(NULL, Object(Config\Cache), false)
#8 C:\xampp\htdocs\DAW\ProyectoMateriaDAW\public\index.php(79): CodeIgniter\CodeIgniter->run()
#9 C:\xampp\htdocs\DAW\ProyectoMateriaDAW\system\Commands\Server\rewrite.php(47): require_once('C:\\xampp\\htdocs...')
#10 {main}

Next CodeIgniter\Database\Exceptions\DatabaseException: No se puede establecer una conexión ya que el equipo de destino denegó expresamente dicha conexión in C:\xampp\htdocs\DAW\ProyectoMateriaDAW\system\Database\MySQLi\Connection.php:229
Stack trace:
#0 C:\xampp\htdocs\DAW\ProyectoMateriaDAW\system\Database\BaseConnection.php(392): CodeIgniter\Database\MySQLi\Connection->connect(false)
#1 C:\xampp\htdocs\DAW\ProyectoMateriaDAW\system\Database\BaseConnection.php(575): CodeIgniter\Database\BaseConnection->initialize()
#2 C:\xampp\htdocs\DAW\ProyectoMateriaDAW\system\Database\BaseBuilder.php(1615): CodeIgniter\Database\BaseConnection->query('SELECT *\nFROM `...', Array, false)
#3 C:\xampp\htdocs\DAW\ProyectoMateriaDAW\app\Controllers\AuthController.php(35): CodeIgniter\Database\BaseBuilder->get()
#4 C:\xampp\htdocs\DAW\ProyectoMateriaDAW\system\CodeIgniter.php(942): App\Controllers\AuthController->login()
#5 C:\xampp\htdocs\DAW\ProyectoMateriaDAW\system\CodeIgniter.php(502): CodeIgniter\CodeIgniter->runController(Object(App\Controllers\AuthController))
#6 C:\xampp\htdocs\DAW\ProyectoMateriaDAW\system\CodeIgniter.php(361): CodeIgniter\CodeIgniter->handleRequest(NULL, Object(Config\Cache), false)
#7 C:\xampp\htdocs\DAW\ProyectoMateriaDAW\public\index.php(79): CodeIgniter\CodeIgniter->run()
#8 C:\xampp\htdocs\DAW\ProyectoMateriaDAW\system\Commands\Server\rewrite.php(47): require_once('C:\\xampp\\htdocs...')
#9 {main}
CRITICAL - 2023-12-10 23:11:56 --> Unable to connect to the database.
Main connection [MySQLi]: No se puede establecer una conexión ya que el equipo de destino denegó expresamente dicha conexión
in SYSTEMPATH\Database\BaseConnection.php on line 428.
 1 SYSTEMPATH\Database\BaseConnection.php(575): CodeIgniter\Database\BaseConnection->initialize()
 2 SYSTEMPATH\Database\BaseBuilder.php(1615): CodeIgniter\Database\BaseConnection->query('SELECT *
FROM `users`
WHERE `username` = :username:', [...], false)
 3 APPPATH\Controllers\AuthController.php(35): CodeIgniter\Database\BaseBuilder->get()
 4 SYSTEMPATH\CodeIgniter.php(942): App\Controllers\AuthController->login()
 5 SYSTEMPATH\CodeIgniter.php(502): CodeIgniter\CodeIgniter->runController(Object(App\Controllers\AuthController))
 6 SYSTEMPATH\CodeIgniter.php(361): CodeIgniter\CodeIgniter->handleRequest(null, Object(Config\Cache), false)
 7 FCPATH\index.php(79): CodeIgniter\CodeIgniter->run()
 8 SYSTEMPATH\Commands\Server\rewrite.php(47): require_once('C:\\xampp\\htdocs\\DAW\\ProyectoMateriaDAW\\public\\index.php')
