CRITICAL - 2023-11-17 17:06:27 --> Undefined property: CodeIgniter\View\View::$css
in APPPATH\Views\seleccion.php on line 2.
 1 APPPATH\Views\seleccion.php(2): CodeIgniter\Debug\Exceptions->errorHandler(2, 'Undefined property: CodeIgniter\\View\\View::$css', 'C:\\xampp\\htdocs\\DAW\\ProyectoMateriaDAW\\app\\Views\\seleccion.php', 2)
 2 SYSTEMPATH\View\View.php(228): include('C:\\xampp\\htdocs\\DAW\\ProyectoMateriaDAW\\app\\Views\\seleccion.php')
 3 SYSTEMPATH\View\View.php(231): CodeIgniter\View\View->CodeIgniter\View\{closure}()
 4 SYSTEMPATH\Common.php(1190): CodeIgniter\View\View->render('seleccion', [], true)
 5 APPPATH\Controllers\HomeController.php(14): view('seleccion')
 6 SYSTEMPATH\CodeIgniter.php(942): App\Controllers\HomeController->seleccion()
 7 SYSTEMPATH\CodeIgniter.php(502): CodeIgniter\CodeIgniter->runController(Object(App\Controllers\HomeController))
 8 SYSTEMPATH\CodeIgniter.php(361): CodeIgniter\CodeIgniter->handleRequest(null, Object(Config\Cache), false)
 9 FCPATH\index.php(79): CodeIgniter\CodeIgniter->run()
10 SYSTEMPATH\Commands\Server\rewrite.php(47): require_once('C:\\xampp\\htdocs\\DAW\\ProyectoMateriaDAW\\public\\index.php')
CRITICAL - 2023-11-17 19:02:47 --> syntax error, unexpected token "::", expecting "," or ";"
in APPPATH\Controllers\LoginController.php on line 6.
 1 SYSTEMPATH\Autoloader\Autoloader.php(291): CodeIgniter\Autoloader\Autoloader->includeFile('C:\\xampp\\htdocs\\DAW\\ProyectoMateriaDAW\\app\\Controllers\\LoginController.php')
 2 SYSTEMPATH\Autoloader\Autoloader.php(269): CodeIgniter\Autoloader\Autoloader->loadInNamespace('App\\Controllers\\LoginController')
 3 [internal function]: CodeIgniter\Autoloader\Autoloader->loadClass('App\\Controllers\\LoginController')
 4 SYSTEMPATH\CodeIgniter.php(900): class_exists('\\App\\Controllers\\LoginController', true)
 5 SYSTEMPATH\CodeIgniter.php(489): CodeIgniter\CodeIgniter->startController()
 6 SYSTEMPATH\CodeIgniter.php(361): CodeIgniter\CodeIgniter->handleRequest(null, Object(Config\Cache), false)
 7 FCPATH\index.php(79): CodeIgniter\CodeIgniter->run()
 8 SYSTEMPATH\Commands\Server\rewrite.php(47): require_once('C:\\xampp\\htdocs\\DAW\\ProyectoMateriaDAW\\public\\index.php')
CRITICAL - 2023-11-17 19:03:17 --> syntax error, unexpected token "::", expecting "," or ";"
in APPPATH\Controllers\LoginController.php on line 7.
 1 SYSTEMPATH\Autoloader\Autoloader.php(291): CodeIgniter\Autoloader\Autoloader->includeFile('C:\\xampp\\htdocs\\DAW\\ProyectoMateriaDAW\\app\\Controllers\\LoginController.php')
 2 SYSTEMPATH\Autoloader\Autoloader.php(269): CodeIgniter\Autoloader\Autoloader->loadInNamespace('App\\Controllers\\LoginController')
 3 [internal function]: CodeIgniter\Autoloader\Autoloader->loadClass('App\\Controllers\\LoginController')
 4 SYSTEMPATH\CodeIgniter.php(900): class_exists('\\App\\Controllers\\LoginController', true)
 5 SYSTEMPATH\CodeIgniter.php(489): CodeIgniter\CodeIgniter->startController()
 6 SYSTEMPATH\CodeIgniter.php(361): CodeIgniter\CodeIgniter->handleRequest(null, Object(Config\Cache), false)
 7 FCPATH\index.php(79): CodeIgniter\CodeIgniter->run()
 8 SYSTEMPATH\Commands\Server\rewrite.php(47): require_once('C:\\xampp\\htdocs\\DAW\\ProyectoMateriaDAW\\public\\index.php')
CRITICAL - 2023-11-17 19:03:24 --> Cannot call constructor
in APPPATH\Controllers\LoginController.php on line 30.
 1 SYSTEMPATH\CodeIgniter.php(914): App\Controllers\LoginController->__construct()
 2 SYSTEMPATH\CodeIgniter.php(493): CodeIgniter\CodeIgniter->createController()
 3 SYSTEMPATH\CodeIgniter.php(361): CodeIgniter\CodeIgniter->handleRequest(null, Object(Config\Cache), false)
 4 FCPATH\index.php(79): CodeIgniter\CodeIgniter->run()
 5 SYSTEMPATH\Commands\Server\rewrite.php(47): require_once('C:\\xampp\\htdocs\\DAW\\ProyectoMateriaDAW\\public\\index.php')
CRITICAL - 2023-11-17 19:16:20 --> Cannot call constructor
in APPPATH\Controllers\LoginController.php on line 40.
 1 SYSTEMPATH\CodeIgniter.php(914): App\Controllers\LoginController->__construct()
 2 SYSTEMPATH\CodeIgniter.php(493): CodeIgniter\CodeIgniter->createController()
 3 SYSTEMPATH\CodeIgniter.php(361): CodeIgniter\CodeIgniter->handleRequest(null, Object(Config\Cache), false)
 4 FCPATH\index.php(79): CodeIgniter\CodeIgniter->run()
 5 SYSTEMPATH\Commands\Server\rewrite.php(47): require_once('C:\\xampp\\htdocs\\DAW\\ProyectoMateriaDAW\\public\\index.php')
CRITICAL - 2023-11-17 19:27:09 --> Call to undefined method App\Controllers\LoginController::validateForm()
in APPPATH\Controllers\LoginController.php on line 17.
 1 SYSTEMPATH\CodeIgniter.php(942): App\Controllers\LoginController->login()
 2 SYSTEMPATH\CodeIgniter.php(502): CodeIgniter\CodeIgniter->runController(Object(App\Controllers\LoginController))
 3 SYSTEMPATH\CodeIgniter.php(361): CodeIgniter\CodeIgniter->handleRequest(null, Object(Config\Cache), false)
 4 FCPATH\index.php(79): CodeIgniter\CodeIgniter->run()
 5 SYSTEMPATH\Commands\Server\rewrite.php(47): require_once('C:\\xampp\\htdocs\\DAW\\ProyectoMateriaDAW\\public\\index.php')
