CRITICAL - 2023-12-08 00:57:00 --> syntax error, unexpected end of file
in APPPATH\Config\Routes.php on line 33.
 1 SYSTEMPATH\CodeIgniter.php(810): CodeIgniter\Router\RouteCollection->loadRoutes()
 2 SYSTEMPATH\CodeIgniter.php(450): CodeIgniter\CodeIgniter->tryToRouteIt(null)
 3 SYSTEMPATH\CodeIgniter.php(361): CodeIgniter\CodeIgniter->handleRequest(null, Object(Config\Cache), false)
 4 FCPATH\index.php(79): CodeIgniter\CodeIgniter->run()
 5 SYSTEMPATH\Commands\Server\rewrite.php(47): require_once('C:\\xampp\\htdocs\\DAW\\ProyectoMateriaDAW\\public\\index.php')
CRITICAL - 2023-12-08 01:05:11 --> syntax error, unexpected end of file
in APPPATH\Config\Routes.php on line 33.
 1 SYSTEMPATH\CodeIgniter.php(810): CodeIgniter\Router\RouteCollection->loadRoutes()
 2 SYSTEMPATH\CodeIgniter.php(450): CodeIgniter\CodeIgniter->tryToRouteIt(null)
 3 SYSTEMPATH\CodeIgniter.php(361): CodeIgniter\CodeIgniter->handleRequest(null, Object(Config\Cache), false)
 4 FCPATH\index.php(79): CodeIgniter\CodeIgniter->run()
 5 SYSTEMPATH\Commands\Server\rewrite.php(47): require_once('C:\\xampp\\htdocs\\DAW\\ProyectoMateriaDAW\\public\\index.php')
CRITICAL - 2023-12-08 01:31:57 --> Invalid file: "empleado/login.php"
in SYSTEMPATH\Exceptions\FrameworkException.php on line 39.
 1 SYSTEMPATH\View\View.php(216): CodeIgniter\Exceptions\FrameworkException::forInvalidFile('empleado/login.php')
 2 SYSTEMPATH\Common.php(1190): CodeIgniter\View\View->render('empleado/login', [], true)
 3 APPPATH\Controllers\AuthController.php(86): view('empleado/login', [...])
 4 SYSTEMPATH\CodeIgniter.php(942): App\Controllers\AuthController->empleado()
 5 SYSTEMPATH\CodeIgniter.php(502): CodeIgniter\CodeIgniter->runController(Object(App\Controllers\AuthController))
 6 SYSTEMPATH\CodeIgniter.php(361): CodeIgniter\CodeIgniter->handleRequest(null, Object(Config\Cache), false)
 7 FCPATH\index.php(79): CodeIgniter\CodeIgniter->run()
 8 SYSTEMPATH\Commands\Server\rewrite.php(47): require_once('C:\\xampp\\htdocs\\DAW\\ProyectoMateriaDAW\\public\\index.php')
CRITICAL - 2023-12-08 01:59:58 --> Undefined variable $empleados
in APPPATH\Views\dashboard_administrador.php on line 32.
 1 APPPATH\Views\dashboard_administrador.php(32): CodeIgniter\Debug\Exceptions->errorHandler(2, 'Undefined variable $empleados', 'C:\\xampp\\htdocs\\DAW\\ProyectoMateriaDAW\\app\\Views\\dashboard_administrador.php', 32)
 2 SYSTEMPATH\View\View.php(228): include('C:\\xampp\\htdocs\\DAW\\ProyectoMateriaDAW\\app\\Views\\dashboard_administrador.php')
 3 SYSTEMPATH\View\View.php(231): CodeIgniter\View\View->CodeIgniter\View\{closure}()
 4 SYSTEMPATH\Common.php(1190): CodeIgniter\View\View->render('dashboard_administrador', [], true)
 5 APPPATH\Controllers\AuthController.php(42): view('dashboard_administrador')
 6 SYSTEMPATH\CodeIgniter.php(942): App\Controllers\AuthController->login()
 7 SYSTEMPATH\CodeIgniter.php(502): CodeIgniter\CodeIgniter->runController(Object(App\Controllers\AuthController))
 8 SYSTEMPATH\CodeIgniter.php(361): CodeIgniter\CodeIgniter->handleRequest(null, Object(Config\Cache), false)
 9 FCPATH\index.php(79): CodeIgniter\CodeIgniter->run()
10 SYSTEMPATH\Commands\Server\rewrite.php(47): require_once('C:\\xampp\\htdocs\\DAW\\ProyectoMateriaDAW\\public\\index.php')
CRITICAL - 2023-12-08 02:01:53 --> Undefined variable $empleados
in APPPATH\Views\dashboard_administrador.php on line 32.
 1 APPPATH\Views\dashboard_administrador.php(32): CodeIgniter\Debug\Exceptions->errorHandler(2, 'Undefined variable $empleados', 'C:\\xampp\\htdocs\\DAW\\ProyectoMateriaDAW\\app\\Views\\dashboard_administrador.php', 32)
 2 SYSTEMPATH\View\View.php(228): include('C:\\xampp\\htdocs\\DAW\\ProyectoMateriaDAW\\app\\Views\\dashboard_administrador.php')
 3 SYSTEMPATH\View\View.php(231): CodeIgniter\View\View->CodeIgniter\View\{closure}()
 4 SYSTEMPATH\Common.php(1190): CodeIgniter\View\View->render('dashboard_administrador', [], true)
 5 APPPATH\Controllers\AuthController.php(42): view('dashboard_administrador')
 6 SYSTEMPATH\CodeIgniter.php(942): App\Controllers\AuthController->login()
 7 SYSTEMPATH\CodeIgniter.php(502): CodeIgniter\CodeIgniter->runController(Object(App\Controllers\AuthController))
 8 SYSTEMPATH\CodeIgniter.php(361): CodeIgniter\CodeIgniter->handleRequest(null, Object(Config\Cache), false)
 9 FCPATH\index.php(79): CodeIgniter\CodeIgniter->run()
10 SYSTEMPATH\Commands\Server\rewrite.php(47): require_once('C:\\xampp\\htdocs\\DAW\\ProyectoMateriaDAW\\public\\index.php')
CRITICAL - 2023-12-08 02:10:46 --> Undefined variable $empleados
in APPPATH\Views\dashboard_administrador.php on line 32.
 1 APPPATH\Views\dashboard_administrador.php(32): CodeIgniter\Debug\Exceptions->errorHandler(2, 'Undefined variable $empleados', 'C:\\xampp\\htdocs\\DAW\\ProyectoMateriaDAW\\app\\Views\\dashboard_administrador.php', 32)
 2 SYSTEMPATH\View\View.php(228): include('C:\\xampp\\htdocs\\DAW\\ProyectoMateriaDAW\\app\\Views\\dashboard_administrador.php')
 3 SYSTEMPATH\View\View.php(231): CodeIgniter\View\View->CodeIgniter\View\{closure}()
 4 SYSTEMPATH\Common.php(1190): CodeIgniter\View\View->render('dashboard_administrador', [], true)
 5 APPPATH\Controllers\AuthController.php(42): view('dashboard_administrador')
 6 SYSTEMPATH\CodeIgniter.php(942): App\Controllers\AuthController->login()
 7 SYSTEMPATH\CodeIgniter.php(502): CodeIgniter\CodeIgniter->runController(Object(App\Controllers\AuthController))
 8 SYSTEMPATH\CodeIgniter.php(361): CodeIgniter\CodeIgniter->handleRequest(null, Object(Config\Cache), false)
 9 FCPATH\index.php(79): CodeIgniter\CodeIgniter->run()
10 SYSTEMPATH\Commands\Server\rewrite.php(47): require_once('C:\\xampp\\htdocs\\DAW\\ProyectoMateriaDAW\\public\\index.php')
CRITICAL - 2023-12-08 02:21:23 --> Undefined variable $empleados
in APPPATH\Views\dashboard_administrador.php on line 32.
 1 APPPATH\Views\dashboard_administrador.php(32): CodeIgniter\Debug\Exceptions->errorHandler(2, 'Undefined variable $empleados', 'C:\\xampp\\htdocs\\DAW\\ProyectoMateriaDAW\\app\\Views\\dashboard_administrador.php', 32)
 2 SYSTEMPATH\View\View.php(228): include('C:\\xampp\\htdocs\\DAW\\ProyectoMateriaDAW\\app\\Views\\dashboard_administrador.php')
 3 SYSTEMPATH\View\View.php(231): CodeIgniter\View\View->CodeIgniter\View\{closure}()
 4 SYSTEMPATH\Common.php(1190): CodeIgniter\View\View->render('dashboard_administrador', [], true)
 5 APPPATH\Controllers\AuthController.php(42): view('dashboard_administrador')
 6 SYSTEMPATH\CodeIgniter.php(942): App\Controllers\AuthController->login()
 7 SYSTEMPATH\CodeIgniter.php(502): CodeIgniter\CodeIgniter->runController(Object(App\Controllers\AuthController))
 8 SYSTEMPATH\CodeIgniter.php(361): CodeIgniter\CodeIgniter->handleRequest(null, Object(Config\Cache), false)
 9 FCPATH\index.php(79): CodeIgniter\CodeIgniter->run()
10 SYSTEMPATH\Commands\Server\rewrite.php(47): require_once('C:\\xampp\\htdocs\\DAW\\ProyectoMateriaDAW\\public\\index.php')
CRITICAL - 2023-12-08 02:23:53 --> Undefined variable $empleados
in APPPATH\Views\dashboard_administrador.php on line 32.
 1 APPPATH\Views\dashboard_administrador.php(32): CodeIgniter\Debug\Exceptions->errorHandler(2, 'Undefined variable $empleados', 'C:\\xampp\\htdocs\\DAW\\ProyectoMateriaDAW\\app\\Views\\dashboard_administrador.php', 32)
 2 SYSTEMPATH\View\View.php(228): include('C:\\xampp\\htdocs\\DAW\\ProyectoMateriaDAW\\app\\Views\\dashboard_administrador.php')
 3 SYSTEMPATH\View\View.php(231): CodeIgniter\View\View->CodeIgniter\View\{closure}()
 4 SYSTEMPATH\Common.php(1190): CodeIgniter\View\View->render('dashboard_administrador', [], true)
 5 APPPATH\Controllers\AuthController.php(42): view('dashboard_administrador')
 6 SYSTEMPATH\CodeIgniter.php(942): App\Controllers\AuthController->login()
 7 SYSTEMPATH\CodeIgniter.php(502): CodeIgniter\CodeIgniter->runController(Object(App\Controllers\AuthController))
 8 SYSTEMPATH\CodeIgniter.php(361): CodeIgniter\CodeIgniter->handleRequest(null, Object(Config\Cache), false)
 9 FCPATH\index.php(79): CodeIgniter\CodeIgniter->run()
10 SYSTEMPATH\Commands\Server\rewrite.php(47): require_once('C:\\xampp\\htdocs\\DAW\\ProyectoMateriaDAW\\public\\index.php')
CRITICAL - 2023-12-08 08:16:20 --> Undefined variable $empleados
in APPPATH\Views\dashboard_administrador.php on line 32.
 1 APPPATH\Views\dashboard_administrador.php(32): CodeIgniter\Debug\Exceptions->errorHandler(2, 'Undefined variable $empleados', 'C:\\xampp\\htdocs\\DAW\\ProyectoMateriaDAW\\app\\Views\\dashboard_administrador.php', 32)
 2 SYSTEMPATH\View\View.php(228): include('C:\\xampp\\htdocs\\DAW\\ProyectoMateriaDAW\\app\\Views\\dashboard_administrador.php')
 3 SYSTEMPATH\View\View.php(231): CodeIgniter\View\View->CodeIgniter\View\{closure}()
 4 SYSTEMPATH\Common.php(1190): CodeIgniter\View\View->render('dashboard_administrador', [], true)
 5 APPPATH\Controllers\AuthController.php(42): view('dashboard_administrador')
 6 SYSTEMPATH\CodeIgniter.php(942): App\Controllers\AuthController->login()
 7 SYSTEMPATH\CodeIgniter.php(502): CodeIgniter\CodeIgniter->runController(Object(App\Controllers\AuthController))
 8 SYSTEMPATH\CodeIgniter.php(361): CodeIgniter\CodeIgniter->handleRequest(null, Object(Config\Cache), false)
 9 FCPATH\index.php(79): CodeIgniter\CodeIgniter->run()
10 SYSTEMPATH\Commands\Server\rewrite.php(47): require_once('C:\\xampp\\htdocs\\DAW\\ProyectoMateriaDAW\\public\\index.php')
CRITICAL - 2023-12-08 08:22:17 --> Undefined variable $departamentos
in APPPATH\Views\dashboard_administrador.php on line 38.
 1 APPPATH\Views\dashboard_administrador.php(38): CodeIgniter\Debug\Exceptions->errorHandler(2, 'Undefined variable $departamentos', 'C:\\xampp\\htdocs\\DAW\\ProyectoMateriaDAW\\app\\Views\\dashboard_administrador.php', 38)
 2 SYSTEMPATH\View\View.php(228): include('C:\\xampp\\htdocs\\DAW\\ProyectoMateriaDAW\\app\\Views\\dashboard_administrador.php')
 3 SYSTEMPATH\View\View.php(231): CodeIgniter\View\View->CodeIgniter\View\{closure}()
 4 SYSTEMPATH\Common.php(1190): CodeIgniter\View\View->render('dashboard_administrador', [], true)
 5 APPPATH\Controllers\AuthController.php(42): view('dashboard_administrador')
 6 SYSTEMPATH\CodeIgniter.php(942): App\Controllers\AuthController->login()
 7 SYSTEMPATH\CodeIgniter.php(502): CodeIgniter\CodeIgniter->runController(Object(App\Controllers\AuthController))
 8 SYSTEMPATH\CodeIgniter.php(361): CodeIgniter\CodeIgniter->handleRequest(null, Object(Config\Cache), false)
 9 FCPATH\index.php(79): CodeIgniter\CodeIgniter->run()
10 SYSTEMPATH\Commands\Server\rewrite.php(47): require_once('C:\\xampp\\htdocs\\DAW\\ProyectoMateriaDAW\\public\\index.php')
CRITICAL - 2023-12-08 08:31:56 --> Undefined variable $empleados
in APPPATH\Views\dashboard_administrador.php on line 32.
 1 APPPATH\Views\dashboard_administrador.php(32): CodeIgniter\Debug\Exceptions->errorHandler(2, 'Undefined variable $empleados', 'C:\\xampp\\htdocs\\DAW\\ProyectoMateriaDAW\\app\\Views\\dashboard_administrador.php', 32)
 2 SYSTEMPATH\View\View.php(228): include('C:\\xampp\\htdocs\\DAW\\ProyectoMateriaDAW\\app\\Views\\dashboard_administrador.php')
 3 SYSTEMPATH\View\View.php(231): CodeIgniter\View\View->CodeIgniter\View\{closure}()
 4 SYSTEMPATH\Common.php(1190): CodeIgniter\View\View->render('dashboard_administrador', [], true)
 5 APPPATH\Controllers\AuthController.php(42): view('dashboard_administrador')
 6 SYSTEMPATH\CodeIgniter.php(942): App\Controllers\AuthController->login()
 7 SYSTEMPATH\CodeIgniter.php(502): CodeIgniter\CodeIgniter->runController(Object(App\Controllers\AuthController))
 8 SYSTEMPATH\CodeIgniter.php(361): CodeIgniter\CodeIgniter->handleRequest(null, Object(Config\Cache), false)
 9 FCPATH\index.php(79): CodeIgniter\CodeIgniter->run()
10 SYSTEMPATH\Commands\Server\rewrite.php(47): require_once('C:\\xampp\\htdocs\\DAW\\ProyectoMateriaDAW\\public\\index.php')
CRITICAL - 2023-12-08 08:34:40 --> Undefined variable $empleados
in APPPATH\Views\dashboard_administrador.php on line 32.
 1 APPPATH\Views\dashboard_administrador.php(32): CodeIgniter\Debug\Exceptions->errorHandler(2, 'Undefined variable $empleados', 'C:\\xampp\\htdocs\\DAW\\ProyectoMateriaDAW\\app\\Views\\dashboard_administrador.php', 32)
 2 SYSTEMPATH\View\View.php(228): include('C:\\xampp\\htdocs\\DAW\\ProyectoMateriaDAW\\app\\Views\\dashboard_administrador.php')
 3 SYSTEMPATH\View\View.php(231): CodeIgniter\View\View->CodeIgniter\View\{closure}()
 4 SYSTEMPATH\Common.php(1190): CodeIgniter\View\View->render('dashboard_administrador', [], true)
 5 APPPATH\Controllers\AuthController.php(42): view('dashboard_administrador')
 6 SYSTEMPATH\CodeIgniter.php(942): App\Controllers\AuthController->login()
 7 SYSTEMPATH\CodeIgniter.php(502): CodeIgniter\CodeIgniter->runController(Object(App\Controllers\AuthController))
 8 SYSTEMPATH\CodeIgniter.php(361): CodeIgniter\CodeIgniter->handleRequest(null, Object(Config\Cache), false)
 9 FCPATH\index.php(79): CodeIgniter\CodeIgniter->run()
10 SYSTEMPATH\Commands\Server\rewrite.php(47): require_once('C:\\xampp\\htdocs\\DAW\\ProyectoMateriaDAW\\public\\index.php')
CRITICAL - 2023-12-08 08:36:04 --> Undefined variable $empleados
in APPPATH\Views\dashboard_administrador.php on line 32.
 1 APPPATH\Views\dashboard_administrador.php(32): CodeIgniter\Debug\Exceptions->errorHandler(2, 'Undefined variable $empleados', 'C:\\xampp\\htdocs\\DAW\\ProyectoMateriaDAW\\app\\Views\\dashboard_administrador.php', 32)
 2 SYSTEMPATH\View\View.php(228): include('C:\\xampp\\htdocs\\DAW\\ProyectoMateriaDAW\\app\\Views\\dashboard_administrador.php')
 3 SYSTEMPATH\View\View.php(231): CodeIgniter\View\View->CodeIgniter\View\{closure}()
 4 SYSTEMPATH\Common.php(1190): CodeIgniter\View\View->render('dashboard_administrador', [], true)
 5 APPPATH\Controllers\AuthController.php(42): view('dashboard_administrador')
 6 SYSTEMPATH\CodeIgniter.php(942): App\Controllers\AuthController->login()
 7 SYSTEMPATH\CodeIgniter.php(502): CodeIgniter\CodeIgniter->runController(Object(App\Controllers\AuthController))
 8 SYSTEMPATH\CodeIgniter.php(361): CodeIgniter\CodeIgniter->handleRequest(null, Object(Config\Cache), false)
 9 FCPATH\index.php(79): CodeIgniter\CodeIgniter->run()
10 SYSTEMPATH\Commands\Server\rewrite.php(47): require_once('C:\\xampp\\htdocs\\DAW\\ProyectoMateriaDAW\\public\\index.php')
CRITICAL - 2023-12-08 08:41:25 --> Call to undefined function table()
in APPPATH\Views\dashboard_administrador.php on line 31.
 1 SYSTEMPATH\View\View.php(228): include()
 2 SYSTEMPATH\View\View.php(231): CodeIgniter\View\View->CodeIgniter\View\{closure}()
 3 SYSTEMPATH\Common.php(1190): CodeIgniter\View\View->render('dashboard_administrador', [], true)
 4 APPPATH\Controllers\AuthController.php(42): view('dashboard_administrador')
 5 SYSTEMPATH\CodeIgniter.php(942): App\Controllers\AuthController->login()
 6 SYSTEMPATH\CodeIgniter.php(502): CodeIgniter\CodeIgniter->runController(Object(App\Controllers\AuthController))
 7 SYSTEMPATH\CodeIgniter.php(361): CodeIgniter\CodeIgniter->handleRequest(null, Object(Config\Cache), false)
 8 FCPATH\index.php(79): CodeIgniter\CodeIgniter->run()
 9 SYSTEMPATH\Commands\Server\rewrite.php(47): require_once('C:\\xampp\\htdocs\\DAW\\ProyectoMateriaDAW\\public\\index.php')
CRITICAL - 2023-12-08 08:57:14 --> Undefined variable $departamentos
in APPPATH\Views\dashboard_administrador.php on line 52.
 1 APPPATH\Views\dashboard_administrador.php(52): CodeIgniter\Debug\Exceptions->errorHandler(2, 'Undefined variable $departamentos', 'C:\\xampp\\htdocs\\DAW\\ProyectoMateriaDAW\\app\\Views\\dashboard_administrador.php', 52)
 2 SYSTEMPATH\View\View.php(228): include('C:\\xampp\\htdocs\\DAW\\ProyectoMateriaDAW\\app\\Views\\dashboard_administrador.php')
 3 SYSTEMPATH\View\View.php(231): CodeIgniter\View\View->CodeIgniter\View\{closure}()
 4 SYSTEMPATH\Common.php(1190): CodeIgniter\View\View->render('dashboard_administrador', [], true)
 5 APPPATH\Controllers\AuthController.php(42): view('dashboard_administrador')
 6 SYSTEMPATH\CodeIgniter.php(942): App\Controllers\AuthController->login()
 7 SYSTEMPATH\CodeIgniter.php(502): CodeIgniter\CodeIgniter->runController(Object(App\Controllers\AuthController))
 8 SYSTEMPATH\CodeIgniter.php(361): CodeIgniter\CodeIgniter->handleRequest(null, Object(Config\Cache), false)
 9 FCPATH\index.php(79): CodeIgniter\CodeIgniter->run()
10 SYSTEMPATH\Commands\Server\rewrite.php(47): require_once('C:\\xampp\\htdocs\\DAW\\ProyectoMateriaDAW\\public\\index.php')
CRITICAL - 2023-12-08 08:59:59 --> Undefined variable $empleados
in APPPATH\Views\dashboard_administrador.php on line 32.
 1 APPPATH\Views\dashboard_administrador.php(32): CodeIgniter\Debug\Exceptions->errorHandler(2, 'Undefined variable $empleados', 'C:\\xampp\\htdocs\\DAW\\ProyectoMateriaDAW\\app\\Views\\dashboard_administrador.php', 32)
 2 SYSTEMPATH\View\View.php(228): include('C:\\xampp\\htdocs\\DAW\\ProyectoMateriaDAW\\app\\Views\\dashboard_administrador.php')
 3 SYSTEMPATH\View\View.php(231): CodeIgniter\View\View->CodeIgniter\View\{closure}()
 4 SYSTEMPATH\Common.php(1190): CodeIgniter\View\View->render('dashboard_administrador', [], true)
 5 APPPATH\Controllers\AuthController.php(42): view('dashboard_administrador')
 6 SYSTEMPATH\CodeIgniter.php(942): App\Controllers\AuthController->login()
 7 SYSTEMPATH\CodeIgniter.php(502): CodeIgniter\CodeIgniter->runController(Object(App\Controllers\AuthController))
 8 SYSTEMPATH\CodeIgniter.php(361): CodeIgniter\CodeIgniter->handleRequest(null, Object(Config\Cache), false)
 9 FCPATH\index.php(79): CodeIgniter\CodeIgniter->run()
10 SYSTEMPATH\Commands\Server\rewrite.php(47): require_once('C:\\xampp\\htdocs\\DAW\\ProyectoMateriaDAW\\public\\index.php')
CRITICAL - 2023-12-08 09:01:31 --> Undefined variable $empleados
in APPPATH\Views\dashboard_administrador.php on line 32.
 1 APPPATH\Views\dashboard_administrador.php(32): CodeIgniter\Debug\Exceptions->errorHandler(2, 'Undefined variable $empleados', 'C:\\xampp\\htdocs\\DAW\\ProyectoMateriaDAW\\app\\Views\\dashboard_administrador.php', 32)
 2 SYSTEMPATH\View\View.php(228): include('C:\\xampp\\htdocs\\DAW\\ProyectoMateriaDAW\\app\\Views\\dashboard_administrador.php')
 3 SYSTEMPATH\View\View.php(231): CodeIgniter\View\View->CodeIgniter\View\{closure}()
 4 SYSTEMPATH\Common.php(1190): CodeIgniter\View\View->render('dashboard_administrador', [], true)
 5 APPPATH\Controllers\AuthController.php(42): view('dashboard_administrador')
 6 SYSTEMPATH\CodeIgniter.php(942): App\Controllers\AuthController->login()
 7 SYSTEMPATH\CodeIgniter.php(502): CodeIgniter\CodeIgniter->runController(Object(App\Controllers\AuthController))
 8 SYSTEMPATH\CodeIgniter.php(361): CodeIgniter\CodeIgniter->handleRequest(null, Object(Config\Cache), false)
 9 FCPATH\index.php(79): CodeIgniter\CodeIgniter->run()
10 SYSTEMPATH\Commands\Server\rewrite.php(47): require_once('C:\\xampp\\htdocs\\DAW\\ProyectoMateriaDAW\\public\\index.php')
CRITICAL - 2023-12-08 09:03:55 --> Undefined variable $empleados
in APPPATH\Views\dashboard_administrador.php on line 31.
 1 APPPATH\Views\dashboard_administrador.php(31): CodeIgniter\Debug\Exceptions->errorHandler(2, 'Undefined variable $empleados', 'C:\\xampp\\htdocs\\DAW\\ProyectoMateriaDAW\\app\\Views\\dashboard_administrador.php', 31)
 2 SYSTEMPATH\View\View.php(228): include('C:\\xampp\\htdocs\\DAW\\ProyectoMateriaDAW\\app\\Views\\dashboard_administrador.php')
 3 SYSTEMPATH\View\View.php(231): CodeIgniter\View\View->CodeIgniter\View\{closure}()
 4 SYSTEMPATH\Common.php(1190): CodeIgniter\View\View->render('dashboard_administrador', [], true)
 5 APPPATH\Controllers\AuthController.php(42): view('dashboard_administrador')
 6 SYSTEMPATH\CodeIgniter.php(942): App\Controllers\AuthController->login()
 7 SYSTEMPATH\CodeIgniter.php(502): CodeIgniter\CodeIgniter->runController(Object(App\Controllers\AuthController))
 8 SYSTEMPATH\CodeIgniter.php(361): CodeIgniter\CodeIgniter->handleRequest(null, Object(Config\Cache), false)
 9 FCPATH\index.php(79): CodeIgniter\CodeIgniter->run()
10 SYSTEMPATH\Commands\Server\rewrite.php(47): require_once('C:\\xampp\\htdocs\\DAW\\ProyectoMateriaDAW\\public\\index.php')
CRITICAL - 2023-12-08 09:05:20 --> Undefined variable $empleadoModel
in APPPATH\Views\dashboard_administrador.php on line 32.
 1 APPPATH\Views\dashboard_administrador.php(32): CodeIgniter\Debug\Exceptions->errorHandler(2, 'Undefined variable $empleadoModel', 'C:\\xampp\\htdocs\\DAW\\ProyectoMateriaDAW\\app\\Views\\dashboard_administrador.php', 32)
 2 SYSTEMPATH\View\View.php(228): include('C:\\xampp\\htdocs\\DAW\\ProyectoMateriaDAW\\app\\Views\\dashboard_administrador.php')
 3 SYSTEMPATH\View\View.php(231): CodeIgniter\View\View->CodeIgniter\View\{closure}()
 4 SYSTEMPATH\Common.php(1190): CodeIgniter\View\View->render('dashboard_administrador', [], true)
 5 APPPATH\Controllers\AuthController.php(42): view('dashboard_administrador')
 6 SYSTEMPATH\CodeIgniter.php(942): App\Controllers\AuthController->login()
 7 SYSTEMPATH\CodeIgniter.php(502): CodeIgniter\CodeIgniter->runController(Object(App\Controllers\AuthController))
 8 SYSTEMPATH\CodeIgniter.php(361): CodeIgniter\CodeIgniter->handleRequest(null, Object(Config\Cache), false)
 9 FCPATH\index.php(79): CodeIgniter\CodeIgniter->run()
10 SYSTEMPATH\Commands\Server\rewrite.php(47): require_once('C:\\xampp\\htdocs\\DAW\\ProyectoMateriaDAW\\public\\index.php')
CRITICAL - 2023-12-08 09:07:30 --> Call to undefined function table()
in APPPATH\Views\dashboard_administrador.php on line 31.
 1 SYSTEMPATH\View\View.php(228): include()
 2 SYSTEMPATH\View\View.php(231): CodeIgniter\View\View->CodeIgniter\View\{closure}()
 3 SYSTEMPATH\Common.php(1190): CodeIgniter\View\View->render('dashboard_administrador', [], true)
 4 APPPATH\Controllers\AuthController.php(42): view('dashboard_administrador')
 5 SYSTEMPATH\CodeIgniter.php(942): App\Controllers\AuthController->login()
 6 SYSTEMPATH\CodeIgniter.php(502): CodeIgniter\CodeIgniter->runController(Object(App\Controllers\AuthController))
 7 SYSTEMPATH\CodeIgniter.php(361): CodeIgniter\CodeIgniter->handleRequest(null, Object(Config\Cache), false)
 8 FCPATH\index.php(79): CodeIgniter\CodeIgniter->run()
 9 SYSTEMPATH\Commands\Server\rewrite.php(47): require_once('C:\\xampp\\htdocs\\DAW\\ProyectoMateriaDAW\\public\\index.php')
CRITICAL - 2023-12-08 09:39:04 --> Invalid file: "empleados/empleados_listas.php"
in SYSTEMPATH\Exceptions\FrameworkException.php on line 39.
 1 SYSTEMPATH\View\View.php(216): CodeIgniter\Exceptions\FrameworkException::forInvalidFile('empleados/empleados_listas.php')
 2 SYSTEMPATH\Common.php(1190): CodeIgniter\View\View->render('empleados/empleados_listas', [], true)
 3 APPPATH\Controllers\EmpleadoController.php(27): view('empleados/empleados_listas')
 4 SYSTEMPATH\CodeIgniter.php(942): App\Controllers\EmpleadoController->empleados()
 5 SYSTEMPATH\CodeIgniter.php(502): CodeIgniter\CodeIgniter->runController(Object(App\Controllers\EmpleadoController))
 6 SYSTEMPATH\CodeIgniter.php(361): CodeIgniter\CodeIgniter->handleRequest(null, Object(Config\Cache), false)
 7 FCPATH\index.php(79): CodeIgniter\CodeIgniter->run()
 8 SYSTEMPATH\Commands\Server\rewrite.php(47): require_once('C:\\xampp\\htdocs\\DAW\\ProyectoMateriaDAW\\public\\index.php')
CRITICAL - 2023-12-08 09:39:22 --> Invalid file: "empleados/empleados_listas.php"
in SYSTEMPATH\Exceptions\FrameworkException.php on line 39.
 1 SYSTEMPATH\View\View.php(216): CodeIgniter\Exceptions\FrameworkException::forInvalidFile('empleados/empleados_listas.php')
 2 SYSTEMPATH\Common.php(1190): CodeIgniter\View\View->render('empleados/empleados_listas', [], true)
 3 APPPATH\Controllers\EmpleadoController.php(27): view('empleados/empleados_listas')
 4 SYSTEMPATH\CodeIgniter.php(942): App\Controllers\EmpleadoController->empleados()
 5 SYSTEMPATH\CodeIgniter.php(502): CodeIgniter\CodeIgniter->runController(Object(App\Controllers\EmpleadoController))
 6 SYSTEMPATH\CodeIgniter.php(361): CodeIgniter\CodeIgniter->handleRequest(null, Object(Config\Cache), false)
 7 FCPATH\index.php(79): CodeIgniter\CodeIgniter->run()
 8 SYSTEMPATH\Commands\Server\rewrite.php(47): require_once('C:\\xampp\\htdocs\\DAW\\ProyectoMateriaDAW\\public\\index.php')
CRITICAL - 2023-12-08 09:39:35 --> Invalid file: "navbar.php"
in SYSTEMPATH\Exceptions\FrameworkException.php on line 39.
 1 SYSTEMPATH\View\View.php(216): CodeIgniter\Exceptions\FrameworkException::forInvalidFile('navbar.php')
 2 SYSTEMPATH\Common.php(1190): CodeIgniter\View\View->render('navbar', [], true)
 3 APPPATH\Views\empleado\empleados_listas.php(16): view('navbar', [])
 4 SYSTEMPATH\View\View.php(228): include('C:\\xampp\\htdocs\\DAW\\ProyectoMateriaDAW\\app\\Views\\empleado\\empleados_listas.php')
 5 SYSTEMPATH\View\View.php(231): CodeIgniter\View\View->CodeIgniter\View\{closure}()
 6 SYSTEMPATH\Common.php(1190): CodeIgniter\View\View->render('empleado/empleados_listas', [], true)
 7 APPPATH\Controllers\EmpleadoController.php(27): view('empleado/empleados_listas')
 8 SYSTEMPATH\CodeIgniter.php(942): App\Controllers\EmpleadoController->empleados()
 9 SYSTEMPATH\CodeIgniter.php(502): CodeIgniter\CodeIgniter->runController(Object(App\Controllers\EmpleadoController))
10 SYSTEMPATH\CodeIgniter.php(361): CodeIgniter\CodeIgniter->handleRequest(null, Object(Config\Cache), false)
11 FCPATH\index.php(79): CodeIgniter\CodeIgniter->run()
12 SYSTEMPATH\Commands\Server\rewrite.php(47): require_once('C:\\xampp\\htdocs\\DAW\\ProyectoMateriaDAW\\public\\index.php')
CRITICAL - 2023-12-08 09:40:21 --> Invalid file: "navbar.php"
in SYSTEMPATH\Exceptions\FrameworkException.php on line 39.
 1 SYSTEMPATH\View\View.php(216): CodeIgniter\Exceptions\FrameworkException::forInvalidFile('navbar.php')
 2 SYSTEMPATH\Common.php(1190): CodeIgniter\View\View->render('navbar', [], true)
 3 APPPATH\Views\empleado\empleados_listas.php(16): view('navbar', [])
 4 SYSTEMPATH\View\View.php(228): include('C:\\xampp\\htdocs\\DAW\\ProyectoMateriaDAW\\app\\Views\\empleado\\empleados_listas.php')
 5 SYSTEMPATH\View\View.php(231): CodeIgniter\View\View->CodeIgniter\View\{closure}()
 6 SYSTEMPATH\Common.php(1190): CodeIgniter\View\View->render('empleado/empleados_listas', [], true)
 7 APPPATH\Controllers\EmpleadoController.php(27): view('empleado/empleados_listas')
 8 SYSTEMPATH\CodeIgniter.php(942): App\Controllers\EmpleadoController->empleados()
 9 SYSTEMPATH\CodeIgniter.php(502): CodeIgniter\CodeIgniter->runController(Object(App\Controllers\EmpleadoController))
10 SYSTEMPATH\CodeIgniter.php(361): CodeIgniter\CodeIgniter->handleRequest(null, Object(Config\Cache), false)
11 FCPATH\index.php(79): CodeIgniter\CodeIgniter->run()
12 SYSTEMPATH\Commands\Server\rewrite.php(47): require_once('C:\\xampp\\htdocs\\DAW\\ProyectoMateriaDAW\\public\\index.php')
CRITICAL - 2023-12-08 09:42:07 --> Invalid file: "navbar.php"
in SYSTEMPATH\Exceptions\FrameworkException.php on line 39.
 1 SYSTEMPATH\View\View.php(216): CodeIgniter\Exceptions\FrameworkException::forInvalidFile('navbar.php')
 2 SYSTEMPATH\Common.php(1190): CodeIgniter\View\View->render('navbar', [], true)
 3 APPPATH\Views\empleado\empleados_listas.php(16): view('navbar', [])
 4 SYSTEMPATH\View\View.php(228): include('C:\\xampp\\htdocs\\DAW\\ProyectoMateriaDAW\\app\\Views\\empleado\\empleados_listas.php')
 5 SYSTEMPATH\View\View.php(231): CodeIgniter\View\View->CodeIgniter\View\{closure}()
 6 SYSTEMPATH\Common.php(1190): CodeIgniter\View\View->render('empleado/empleados_listas', [], true)
 7 APPPATH\Controllers\EmpleadoController.php(27): view('empleado/empleados_listas')
 8 SYSTEMPATH\CodeIgniter.php(942): App\Controllers\EmpleadoController->empleados()
 9 SYSTEMPATH\CodeIgniter.php(502): CodeIgniter\CodeIgniter->runController(Object(App\Controllers\EmpleadoController))
10 SYSTEMPATH\CodeIgniter.php(361): CodeIgniter\CodeIgniter->handleRequest(null, Object(Config\Cache), false)
11 FCPATH\index.php(79): CodeIgniter\CodeIgniter->run()
12 SYSTEMPATH\Commands\Server\rewrite.php(47): require_once('C:\\xampp\\htdocs\\DAW\\ProyectoMateriaDAW\\public\\index.php')
CRITICAL - 2023-12-08 09:42:11 --> Invalid file: "navbar.php"
in SYSTEMPATH\Exceptions\FrameworkException.php on line 39.
 1 SYSTEMPATH\View\View.php(216): CodeIgniter\Exceptions\FrameworkException::forInvalidFile('navbar.php')
 2 SYSTEMPATH\Common.php(1190): CodeIgniter\View\View->render('navbar', [], true)
 3 APPPATH\Views\empleado\empleados_listas.php(16): view('navbar', [])
 4 SYSTEMPATH\View\View.php(228): include('C:\\xampp\\htdocs\\DAW\\ProyectoMateriaDAW\\app\\Views\\empleado\\empleados_listas.php')
 5 SYSTEMPATH\View\View.php(231): CodeIgniter\View\View->CodeIgniter\View\{closure}()
 6 SYSTEMPATH\Common.php(1190): CodeIgniter\View\View->render('empleado/empleados_listas', [], true)
 7 APPPATH\Controllers\EmpleadoController.php(27): view('empleado/empleados_listas')
 8 SYSTEMPATH\CodeIgniter.php(942): App\Controllers\EmpleadoController->empleados()
 9 SYSTEMPATH\CodeIgniter.php(502): CodeIgniter\CodeIgniter->runController(Object(App\Controllers\EmpleadoController))
10 SYSTEMPATH\CodeIgniter.php(361): CodeIgniter\CodeIgniter->handleRequest(null, Object(Config\Cache), false)
11 FCPATH\index.php(79): CodeIgniter\CodeIgniter->run()
12 SYSTEMPATH\Commands\Server\rewrite.php(47): require_once('C:\\xampp\\htdocs\\DAW\\ProyectoMateriaDAW\\public\\index.php')
CRITICAL - 2023-12-08 09:46:20 --> Invalid file: "empleado/empleados_listas.php"
in SYSTEMPATH\Exceptions\FrameworkException.php on line 39.
 1 SYSTEMPATH\View\View.php(216): CodeIgniter\Exceptions\FrameworkException::forInvalidFile('empleado/empleados_listas.php')
 2 SYSTEMPATH\Common.php(1190): CodeIgniter\View\View->render('empleado/empleados_listas', [], true)
 3 APPPATH\Controllers\EmpleadoController.php(27): view('empleado/empleados_listas')
 4 SYSTEMPATH\CodeIgniter.php(942): App\Controllers\EmpleadoController->empleados()
 5 SYSTEMPATH\CodeIgniter.php(502): CodeIgniter\CodeIgniter->runController(Object(App\Controllers\EmpleadoController))
 6 SYSTEMPATH\CodeIgniter.php(361): CodeIgniter\CodeIgniter->handleRequest(null, Object(Config\Cache), false)
 7 FCPATH\index.php(79): CodeIgniter\CodeIgniter->run()
 8 SYSTEMPATH\Commands\Server\rewrite.php(47): require_once('C:\\xampp\\htdocs\\DAW\\ProyectoMateriaDAW\\public\\index.php')
CRITICAL - 2023-12-08 09:46:53 --> Invalid file: "empleado/empleados_listas.php"
in SYSTEMPATH\Exceptions\FrameworkException.php on line 39.
 1 SYSTEMPATH\View\View.php(216): CodeIgniter\Exceptions\FrameworkException::forInvalidFile('empleado/empleados_listas.php')
 2 SYSTEMPATH\Common.php(1190): CodeIgniter\View\View->render('empleado/empleados_listas', [], true)
 3 APPPATH\Controllers\EmpleadoController.php(27): view('empleado/empleados_listas')
 4 SYSTEMPATH\CodeIgniter.php(942): App\Controllers\EmpleadoController->empleados()
 5 SYSTEMPATH\CodeIgniter.php(502): CodeIgniter\CodeIgniter->runController(Object(App\Controllers\EmpleadoController))
 6 SYSTEMPATH\CodeIgniter.php(361): CodeIgniter\CodeIgniter->handleRequest(null, Object(Config\Cache), false)
 7 FCPATH\index.php(79): CodeIgniter\CodeIgniter->run()
 8 SYSTEMPATH\Commands\Server\rewrite.php(47): require_once('C:\\xampp\\htdocs\\DAW\\ProyectoMateriaDAW\\public\\index.php')
CRITICAL - 2023-12-08 09:48:42 --> Invalid file: "empleado/empleados_listas.php"
in SYSTEMPATH\Exceptions\FrameworkException.php on line 39.
 1 SYSTEMPATH\View\View.php(216): CodeIgniter\Exceptions\FrameworkException::forInvalidFile('empleado/empleados_listas.php')
 2 SYSTEMPATH\Common.php(1190): CodeIgniter\View\View->render('empleado/empleados_listas', [], true)
 3 APPPATH\Controllers\AdminController.php(24): view('empleado/empleados_listas')
 4 SYSTEMPATH\CodeIgniter.php(942): App\Controllers\AdminController->empleados()
 5 SYSTEMPATH\CodeIgniter.php(502): CodeIgniter\CodeIgniter->runController(Object(App\Controllers\AdminController))
 6 SYSTEMPATH\CodeIgniter.php(361): CodeIgniter\CodeIgniter->handleRequest(null, Object(Config\Cache), false)
 7 FCPATH\index.php(79): CodeIgniter\CodeIgniter->run()
 8 SYSTEMPATH\Commands\Server\rewrite.php(47): require_once('C:\\xampp\\htdocs\\DAW\\ProyectoMateriaDAW\\public\\index.php')
CRITICAL - 2023-12-08 09:52:50 --> Undefined variable $empleados
in APPPATH\Views\admin\empleados_listas.php on line 29.
 1 APPPATH\Views\admin\empleados_listas.php(29): CodeIgniter\Debug\Exceptions->errorHandler(2, 'Undefined variable $empleados', 'C:\\xampp\\htdocs\\DAW\\ProyectoMateriaDAW\\app\\Views\\admin\\empleados_listas.php', 29)
 2 SYSTEMPATH\View\View.php(228): include('C:\\xampp\\htdocs\\DAW\\ProyectoMateriaDAW\\app\\Views\\admin\\empleados_listas.php')
 3 SYSTEMPATH\View\View.php(231): CodeIgniter\View\View->CodeIgniter\View\{closure}()
 4 SYSTEMPATH\Common.php(1190): CodeIgniter\View\View->render('admin/empleados_listas', [], true)
 5 APPPATH\Controllers\AdminController.php(24): view('admin/empleados_listas')
 6 SYSTEMPATH\CodeIgniter.php(942): App\Controllers\AdminController->empleados()
 7 SYSTEMPATH\CodeIgniter.php(502): CodeIgniter\CodeIgniter->runController(Object(App\Controllers\AdminController))
 8 SYSTEMPATH\CodeIgniter.php(361): CodeIgniter\CodeIgniter->handleRequest(null, Object(Config\Cache), false)
 9 FCPATH\index.php(79): CodeIgniter\CodeIgniter->run()
10 SYSTEMPATH\Commands\Server\rewrite.php(47): require_once('C:\\xampp\\htdocs\\DAW\\ProyectoMateriaDAW\\public\\index.php')
CRITICAL - 2023-12-08 09:53:45 --> Undefined variable $empleados
in APPPATH\Views\admin\empleados_listas.php on line 29.
 1 APPPATH\Views\admin\empleados_listas.php(29): CodeIgniter\Debug\Exceptions->errorHandler(2, 'Undefined variable $empleados', 'C:\\xampp\\htdocs\\DAW\\ProyectoMateriaDAW\\app\\Views\\admin\\empleados_listas.php', 29)
 2 SYSTEMPATH\View\View.php(228): include('C:\\xampp\\htdocs\\DAW\\ProyectoMateriaDAW\\app\\Views\\admin\\empleados_listas.php')
 3 SYSTEMPATH\View\View.php(231): CodeIgniter\View\View->CodeIgniter\View\{closure}()
 4 SYSTEMPATH\Common.php(1190): CodeIgniter\View\View->render('admin/empleados_listas', [], true)
 5 APPPATH\Controllers\AdminController.php(41): view('admin/empleados_listas')
 6 SYSTEMPATH\CodeIgniter.php(942): App\Controllers\AdminController->empleados()
 7 SYSTEMPATH\CodeIgniter.php(502): CodeIgniter\CodeIgniter->runController(Object(App\Controllers\AdminController))
 8 SYSTEMPATH\CodeIgniter.php(361): CodeIgniter\CodeIgniter->handleRequest(null, Object(Config\Cache), false)
 9 FCPATH\index.php(79): CodeIgniter\CodeIgniter->run()
10 SYSTEMPATH\Commands\Server\rewrite.php(47): require_once('C:\\xampp\\htdocs\\DAW\\ProyectoMateriaDAW\\public\\index.php')
CRITICAL - 2023-12-08 09:58:21 --> Undefined variable $empleados
in APPPATH\Views\admin\empleados_listas.php on line 30.
 1 APPPATH\Views\admin\empleados_listas.php(30): CodeIgniter\Debug\Exceptions->errorHandler(2, 'Undefined variable $empleados', 'C:\\xampp\\htdocs\\DAW\\ProyectoMateriaDAW\\app\\Views\\admin\\empleados_listas.php', 30)
 2 SYSTEMPATH\View\View.php(228): include('C:\\xampp\\htdocs\\DAW\\ProyectoMateriaDAW\\app\\Views\\admin\\empleados_listas.php')
 3 SYSTEMPATH\View\View.php(231): CodeIgniter\View\View->CodeIgniter\View\{closure}()
 4 SYSTEMPATH\Common.php(1190): CodeIgniter\View\View->render('admin/empleados_listas', [], true)
 5 APPPATH\Controllers\AdminController.php(36): view('admin/empleados_listas')
 6 SYSTEMPATH\CodeIgniter.php(942): App\Controllers\AdminController->empleados()
 7 SYSTEMPATH\CodeIgniter.php(502): CodeIgniter\CodeIgniter->runController(Object(App\Controllers\AdminController))
 8 SYSTEMPATH\CodeIgniter.php(361): CodeIgniter\CodeIgniter->handleRequest(null, Object(Config\Cache), false)
 9 FCPATH\index.php(79): CodeIgniter\CodeIgniter->run()
10 SYSTEMPATH\Commands\Server\rewrite.php(47): require_once('C:\\xampp\\htdocs\\DAW\\ProyectoMateriaDAW\\public\\index.php')
CRITICAL - 2023-12-08 10:00:55 --> Undefined variable $empleados
in APPPATH\Views\admin\empleados_listas.php on line 30.
 1 APPPATH\Views\admin\empleados_listas.php(30): CodeIgniter\Debug\Exceptions->errorHandler(2, 'Undefined variable $empleados', 'C:\\xampp\\htdocs\\DAW\\ProyectoMateriaDAW\\app\\Views\\admin\\empleados_listas.php', 30)
 2 SYSTEMPATH\View\View.php(228): include('C:\\xampp\\htdocs\\DAW\\ProyectoMateriaDAW\\app\\Views\\admin\\empleados_listas.php')
 3 SYSTEMPATH\View\View.php(231): CodeIgniter\View\View->CodeIgniter\View\{closure}()
 4 SYSTEMPATH\Common.php(1190): CodeIgniter\View\View->render('admin/empleados_listas', [], true)
 5 APPPATH\Controllers\AdminController.php(36): view('admin/empleados_listas')
 6 SYSTEMPATH\CodeIgniter.php(942): App\Controllers\AdminController->empleados()
 7 SYSTEMPATH\CodeIgniter.php(502): CodeIgniter\CodeIgniter->runController(Object(App\Controllers\AdminController))
 8 SYSTEMPATH\CodeIgniter.php(361): CodeIgniter\CodeIgniter->handleRequest(null, Object(Config\Cache), false)
 9 FCPATH\index.php(79): CodeIgniter\CodeIgniter->run()
10 SYSTEMPATH\Commands\Server\rewrite.php(47): require_once('C:\\xampp\\htdocs\\DAW\\ProyectoMateriaDAW\\public\\index.php')
CRITICAL - 2023-12-08 10:03:16 --> Undefined variable $empleados
in APPPATH\Views\admin\empleados_listas.php on line 30.
 1 APPPATH\Views\admin\empleados_listas.php(30): CodeIgniter\Debug\Exceptions->errorHandler(2, 'Undefined variable $empleados', 'C:\\xampp\\htdocs\\DAW\\ProyectoMateriaDAW\\app\\Views\\admin\\empleados_listas.php', 30)
 2 SYSTEMPATH\View\View.php(228): include('C:\\xampp\\htdocs\\DAW\\ProyectoMateriaDAW\\app\\Views\\admin\\empleados_listas.php')
 3 SYSTEMPATH\View\View.php(231): CodeIgniter\View\View->CodeIgniter\View\{closure}()
 4 SYSTEMPATH\Common.php(1190): CodeIgniter\View\View->render('admin/empleados_listas', [], true)
 5 APPPATH\Controllers\AdminController.php(36): view('admin/empleados_listas')
 6 SYSTEMPATH\CodeIgniter.php(942): App\Controllers\AdminController->empleados()
 7 SYSTEMPATH\CodeIgniter.php(502): CodeIgniter\CodeIgniter->runController(Object(App\Controllers\AdminController))
 8 SYSTEMPATH\CodeIgniter.php(361): CodeIgniter\CodeIgniter->handleRequest(null, Object(Config\Cache), false)
 9 FCPATH\index.php(79): CodeIgniter\CodeIgniter->run()
10 SYSTEMPATH\Commands\Server\rewrite.php(47): require_once('C:\\xampp\\htdocs\\DAW\\ProyectoMateriaDAW\\public\\index.php')
INFO - 2023-12-08 10:33:19 --> Session: Class initialized using 'CodeIgniter\Session\Handlers\FileHandler' driver.
CRITICAL - 2023-12-08 10:41:54 --> Undefined variable $empleados
in APPPATH\Views\admin\empleados_listas.php on line 29.
 1 APPPATH\Views\admin\empleados_listas.php(29): CodeIgniter\Debug\Exceptions->errorHandler(2, 'Undefined variable $empleados', 'C:\\xampp\\htdocs\\DAW\\ProyectoMateriaDAW\\app\\Views\\admin\\empleados_listas.php', 29)
 2 SYSTEMPATH\View\View.php(228): include('C:\\xampp\\htdocs\\DAW\\ProyectoMateriaDAW\\app\\Views\\admin\\empleados_listas.php')
 3 SYSTEMPATH\View\View.php(231): CodeIgniter\View\View->CodeIgniter\View\{closure}()
 4 SYSTEMPATH\Common.php(1190): CodeIgniter\View\View->render('admin/empleados_listas', [], true)
 5 APPPATH\Controllers\AdminController.php(38): view('admin/empleados_listas')
 6 SYSTEMPATH\CodeIgniter.php(942): App\Controllers\AdminController->empleados()
 7 SYSTEMPATH\CodeIgniter.php(502): CodeIgniter\CodeIgniter->runController(Object(App\Controllers\AdminController))
 8 SYSTEMPATH\CodeIgniter.php(361): CodeIgniter\CodeIgniter->handleRequest(null, Object(Config\Cache), false)
 9 FCPATH\index.php(79): CodeIgniter\CodeIgniter->run()
10 SYSTEMPATH\Commands\Server\rewrite.php(47): require_once('C:\\xampp\\htdocs\\DAW\\ProyectoMateriaDAW\\public\\index.php')
CRITICAL - 2023-12-08 10:42:15 --> Undefined variable $empleados
in APPPATH\Views\admin\empleados_listas.php on line 29.
 1 APPPATH\Views\admin\empleados_listas.php(29): CodeIgniter\Debug\Exceptions->errorHandler(2, 'Undefined variable $empleados', 'C:\\xampp\\htdocs\\DAW\\ProyectoMateriaDAW\\app\\Views\\admin\\empleados_listas.php', 29)
 2 SYSTEMPATH\View\View.php(228): include('C:\\xampp\\htdocs\\DAW\\ProyectoMateriaDAW\\app\\Views\\admin\\empleados_listas.php')
 3 SYSTEMPATH\View\View.php(231): CodeIgniter\View\View->CodeIgniter\View\{closure}()
 4 SYSTEMPATH\Common.php(1190): CodeIgniter\View\View->render('admin/empleados_listas', [], true)
 5 APPPATH\Controllers\AdminController.php(38): view('admin/empleados_listas')
 6 SYSTEMPATH\CodeIgniter.php(942): App\Controllers\AdminController->empleados()
 7 SYSTEMPATH\CodeIgniter.php(502): CodeIgniter\CodeIgniter->runController(Object(App\Controllers\AdminController))
 8 SYSTEMPATH\CodeIgniter.php(361): CodeIgniter\CodeIgniter->handleRequest(null, Object(Config\Cache), false)
 9 FCPATH\index.php(79): CodeIgniter\CodeIgniter->run()
10 SYSTEMPATH\Commands\Server\rewrite.php(47): require_once('C:\\xampp\\htdocs\\DAW\\ProyectoMateriaDAW\\public\\index.php')
CRITICAL - 2023-12-08 10:42:43 --> Undefined variable $empleados
in APPPATH\Views\admin\empleados_listas.php on line 29.
 1 APPPATH\Views\admin\empleados_listas.php(29): CodeIgniter\Debug\Exceptions->errorHandler(2, 'Undefined variable $empleados', 'C:\\xampp\\htdocs\\DAW\\ProyectoMateriaDAW\\app\\Views\\admin\\empleados_listas.php', 29)
 2 SYSTEMPATH\View\View.php(228): include('C:\\xampp\\htdocs\\DAW\\ProyectoMateriaDAW\\app\\Views\\admin\\empleados_listas.php')
 3 SYSTEMPATH\View\View.php(231): CodeIgniter\View\View->CodeIgniter\View\{closure}()
 4 SYSTEMPATH\Common.php(1190): CodeIgniter\View\View->render('admin/empleados_listas', [], true)
 5 APPPATH\Controllers\AdminController.php(38): view('admin/empleados_listas')
 6 SYSTEMPATH\CodeIgniter.php(942): App\Controllers\AdminController->empleados()
 7 SYSTEMPATH\CodeIgniter.php(502): CodeIgniter\CodeIgniter->runController(Object(App\Controllers\AdminController))
 8 SYSTEMPATH\CodeIgniter.php(361): CodeIgniter\CodeIgniter->handleRequest(null, Object(Config\Cache), false)
 9 FCPATH\index.php(79): CodeIgniter\CodeIgniter->run()
10 SYSTEMPATH\Commands\Server\rewrite.php(47): require_once('C:\\xampp\\htdocs\\DAW\\ProyectoMateriaDAW\\public\\index.php')
CRITICAL - 2023-12-08 10:42:51 --> Undefined variable $empleado
in APPPATH\Views\admin\empleados_listas.php on line 31.
 1 APPPATH\Views\admin\empleados_listas.php(31): CodeIgniter\Debug\Exceptions->errorHandler(2, 'Undefined variable $empleado', 'C:\\xampp\\htdocs\\DAW\\ProyectoMateriaDAW\\app\\Views\\admin\\empleados_listas.php', 31)
 2 SYSTEMPATH\View\View.php(228): include('C:\\xampp\\htdocs\\DAW\\ProyectoMateriaDAW\\app\\Views\\admin\\empleados_listas.php')
 3 SYSTEMPATH\View\View.php(231): CodeIgniter\View\View->CodeIgniter\View\{closure}()
 4 SYSTEMPATH\Common.php(1190): CodeIgniter\View\View->render('admin/empleados_listas', [], true)
 5 APPPATH\Controllers\AdminController.php(38): view('admin/empleados_listas')
 6 SYSTEMPATH\CodeIgniter.php(942): App\Controllers\AdminController->empleados()
 7 SYSTEMPATH\CodeIgniter.php(502): CodeIgniter\CodeIgniter->runController(Object(App\Controllers\AdminController))
 8 SYSTEMPATH\CodeIgniter.php(361): CodeIgniter\CodeIgniter->handleRequest(null, Object(Config\Cache), false)
 9 FCPATH\index.php(79): CodeIgniter\CodeIgniter->run()
10 SYSTEMPATH\Commands\Server\rewrite.php(47): require_once('C:\\xampp\\htdocs\\DAW\\ProyectoMateriaDAW\\public\\index.php')
CRITICAL - 2023-12-08 11:52:55 --> Too few arguments to function App\Controllers\EmpleadoController::editarEmpleado(), 0 passed in C:\xampp\htdocs\DAW\ProyectoMateriaDAW\system\CodeIgniter.php on line 942 and exactly 1 expected
in APPPATH\Controllers\EmpleadoController.php on line 58.
 1 SYSTEMPATH\CodeIgniter.php(942): App\Controllers\EmpleadoController->editarEmpleado()
 2 SYSTEMPATH\CodeIgniter.php(502): CodeIgniter\CodeIgniter->runController(Object(App\Controllers\EmpleadoController))
 3 SYSTEMPATH\CodeIgniter.php(361): CodeIgniter\CodeIgniter->handleRequest(null, Object(Config\Cache), false)
 4 FCPATH\index.php(79): CodeIgniter\CodeIgniter->run()
 5 SYSTEMPATH\Commands\Server\rewrite.php(47): require_once('C:\\xampp\\htdocs\\DAW\\ProyectoMateriaDAW\\public\\index.php')
CRITICAL - 2023-12-08 11:53:49 --> Undefined variable $empleado
in APPPATH\Views\admin\editar_empleado.php on line 17.
 1 APPPATH\Views\admin\editar_empleado.php(17): CodeIgniter\Debug\Exceptions->errorHandler(2, 'Undefined variable $empleado', 'C:\\xampp\\htdocs\\DAW\\ProyectoMateriaDAW\\app\\Views\\admin\\editar_empleado.php', 17)
 2 SYSTEMPATH\View\View.php(228): include('C:\\xampp\\htdocs\\DAW\\ProyectoMateriaDAW\\app\\Views\\admin\\editar_empleado.php')
 3 SYSTEMPATH\View\View.php(231): CodeIgniter\View\View->CodeIgniter\View\{closure}()
 4 SYSTEMPATH\Common.php(1190): CodeIgniter\View\View->render('admin/editar_empleado', [], true)
 5 APPPATH\Controllers\EmpleadoController.php(64): view('admin/editar_empleado')
 6 SYSTEMPATH\CodeIgniter.php(942): App\Controllers\EmpleadoController->editarEmpleado()
 7 SYSTEMPATH\CodeIgniter.php(502): CodeIgniter\CodeIgniter->runController(Object(App\Controllers\EmpleadoController))
 8 SYSTEMPATH\CodeIgniter.php(361): CodeIgniter\CodeIgniter->handleRequest(null, Object(Config\Cache), false)
 9 FCPATH\index.php(79): CodeIgniter\CodeIgniter->run()
10 SYSTEMPATH\Commands\Server\rewrite.php(47): require_once('C:\\xampp\\htdocs\\DAW\\ProyectoMateriaDAW\\public\\index.php')
CRITICAL - 2023-12-08 11:54:27 --> Undefined variable $empleado
in APPPATH\Views\admin\editar_empleado.php on line 17.
 1 APPPATH\Views\admin\editar_empleado.php(17): CodeIgniter\Debug\Exceptions->errorHandler(2, 'Undefined variable $empleado', 'C:\\xampp\\htdocs\\DAW\\ProyectoMateriaDAW\\app\\Views\\admin\\editar_empleado.php', 17)
 2 SYSTEMPATH\View\View.php(228): include('C:\\xampp\\htdocs\\DAW\\ProyectoMateriaDAW\\app\\Views\\admin\\editar_empleado.php')
 3 SYSTEMPATH\View\View.php(231): CodeIgniter\View\View->CodeIgniter\View\{closure}()
 4 SYSTEMPATH\Common.php(1190): CodeIgniter\View\View->render('admin/editar_empleado', [], true)
 5 APPPATH\Controllers\EmpleadoController.php(64): view('admin/editar_empleado')
 6 SYSTEMPATH\CodeIgniter.php(942): App\Controllers\EmpleadoController->editarEmpleado()
 7 SYSTEMPATH\CodeIgniter.php(502): CodeIgniter\CodeIgniter->runController(Object(App\Controllers\EmpleadoController))
 8 SYSTEMPATH\CodeIgniter.php(361): CodeIgniter\CodeIgniter->handleRequest(null, Object(Config\Cache), false)
 9 FCPATH\index.php(79): CodeIgniter\CodeIgniter->run()
10 SYSTEMPATH\Commands\Server\rewrite.php(47): require_once('C:\\xampp\\htdocs\\DAW\\ProyectoMateriaDAW\\public\\index.php')
CRITICAL - 2023-12-08 11:55:13 --> Undefined variable $empleado
in APPPATH\Views\admin\editar_empleado.php on line 17.
 1 APPPATH\Views\admin\editar_empleado.php(17): CodeIgniter\Debug\Exceptions->errorHandler(2, 'Undefined variable $empleado', 'C:\\xampp\\htdocs\\DAW\\ProyectoMateriaDAW\\app\\Views\\admin\\editar_empleado.php', 17)
 2 SYSTEMPATH\View\View.php(228): include('C:\\xampp\\htdocs\\DAW\\ProyectoMateriaDAW\\app\\Views\\admin\\editar_empleado.php')
 3 SYSTEMPATH\View\View.php(231): CodeIgniter\View\View->CodeIgniter\View\{closure}()
 4 SYSTEMPATH\Common.php(1190): CodeIgniter\View\View->render('admin/editar_empleado', [], true)
 5 APPPATH\Controllers\EmpleadoController.php(64): view('admin/editar_empleado')
 6 SYSTEMPATH\CodeIgniter.php(942): App\Controllers\EmpleadoController->editarEmpleado()
 7 SYSTEMPATH\CodeIgniter.php(502): CodeIgniter\CodeIgniter->runController(Object(App\Controllers\EmpleadoController))
 8 SYSTEMPATH\CodeIgniter.php(361): CodeIgniter\CodeIgniter->handleRequest(null, Object(Config\Cache), false)
 9 FCPATH\index.php(79): CodeIgniter\CodeIgniter->run()
10 SYSTEMPATH\Commands\Server\rewrite.php(47): require_once('C:\\xampp\\htdocs\\DAW\\ProyectoMateriaDAW\\public\\index.php')
INFO - 2023-12-08 11:55:39 --> Session: Class initialized using 'CodeIgniter\Session\Handlers\FileHandler' driver.
INFO - 2023-12-08 12:07:12 --> Session: Class initialized using 'CodeIgniter\Session\Handlers\FileHandler' driver.
