CRITICAL - 2023-11-29 00:59:11 --> Call to undefined method App\Models\UserModel::get_user
in SYSTEMPATH\Model.php on line 873.
 1 APPPATH\Controllers\LoginController.php(27): CodeIgniter\Model->__call('get_user', [...])
 2 SYSTEMPATH\CodeIgniter.php(942): App\Controllers\LoginController->login()
 3 SYSTEMPATH\CodeIgniter.php(502): CodeIgniter\CodeIgniter->runController(Object(App\Controllers\LoginController))
 4 SYSTEMPATH\CodeIgniter.php(361): CodeIgniter\CodeIgniter->handleRequest(null, Object(Config\Cache), false)
 5 FCPATH\index.php(79): CodeIgniter\CodeIgniter->run()
 6 SYSTEMPATH\Commands\Server\rewrite.php(47): require_once('C:\\xampp\\htdocs\\DAW\\ProyectoMateriaDAW\\public\\index.php')
CRITICAL - 2023-11-29 00:59:20 --> Call to undefined method App\Models\UserModel::get_user
in SYSTEMPATH\Model.php on line 873.
 1 APPPATH\Controllers\LoginController.php(27): CodeIgniter\Model->__call('get_user', [...])
 2 SYSTEMPATH\CodeIgniter.php(942): App\Controllers\LoginController->login()
 3 SYSTEMPATH\CodeIgniter.php(502): CodeIgniter\CodeIgniter->runController(Object(App\Controllers\LoginController))
 4 SYSTEMPATH\CodeIgniter.php(361): CodeIgniter\CodeIgniter->handleRequest(null, Object(Config\Cache), false)
 5 FCPATH\index.php(79): CodeIgniter\CodeIgniter->run()
 6 SYSTEMPATH\Commands\Server\rewrite.php(47): require_once('C:\\xampp\\htdocs\\DAW\\ProyectoMateriaDAW\\public\\index.php')
CRITICAL - 2023-11-29 01:04:29 --> Call to undefined method App\Models\UserModel::get_user
in SYSTEMPATH\Model.php on line 873.
 1 APPPATH\Controllers\LoginController.php(27): CodeIgniter\Model->__call('get_user', [...])
 2 SYSTEMPATH\CodeIgniter.php(942): App\Controllers\LoginController->login()
 3 SYSTEMPATH\CodeIgniter.php(502): CodeIgniter\CodeIgniter->runController(Object(App\Controllers\LoginController))
 4 SYSTEMPATH\CodeIgniter.php(361): CodeIgniter\CodeIgniter->handleRequest(null, Object(Config\Cache), false)
 5 FCPATH\index.php(79): CodeIgniter\CodeIgniter->run()
 6 SYSTEMPATH\Commands\Server\rewrite.php(47): require_once('C:\\xampp\\htdocs\\DAW\\ProyectoMateriaDAW\\public\\index.php')
CRITICAL - 2023-11-29 01:09:10 --> Undefined property: App\Controllers\LoginController::$load
in APPPATH\Controllers\LoginController.php on line 27.
 1 APPPATH\Controllers\LoginController.php(27): CodeIgniter\Debug\Exceptions->errorHandler(2, 'Undefined property: App\\Controllers\\LoginController::$load', 'C:\\xampp\\htdocs\\DAW\\ProyectoMateriaDAW\\app\\Controllers\\LoginController.php', 27)
 2 SYSTEMPATH\CodeIgniter.php(942): App\Controllers\LoginController->login()
 3 SYSTEMPATH\CodeIgniter.php(502): CodeIgniter\CodeIgniter->runController(Object(App\Controllers\LoginController))
 4 SYSTEMPATH\CodeIgniter.php(361): CodeIgniter\CodeIgniter->handleRequest(null, Object(Config\Cache), false)
 5 FCPATH\index.php(79): CodeIgniter\CodeIgniter->run()
 6 SYSTEMPATH\Commands\Server\rewrite.php(47): require_once('C:\\xampp\\htdocs\\DAW\\ProyectoMateriaDAW\\public\\index.php')
CRITICAL - 2023-11-29 01:10:46 --> Undefined property: App\Controllers\LoginController::$load
in APPPATH\Controllers\LoginController.php on line 28.
 1 APPPATH\Controllers\LoginController.php(28): CodeIgniter\Debug\Exceptions->errorHandler(2, 'Undefined property: App\\Controllers\\LoginController::$load', 'C:\\xampp\\htdocs\\DAW\\ProyectoMateriaDAW\\app\\Controllers\\LoginController.php', 28)
 2 SYSTEMPATH\CodeIgniter.php(942): App\Controllers\LoginController->login()
 3 SYSTEMPATH\CodeIgniter.php(502): CodeIgniter\CodeIgniter->runController(Object(App\Controllers\LoginController))
 4 SYSTEMPATH\CodeIgniter.php(361): CodeIgniter\CodeIgniter->handleRequest(null, Object(Config\Cache), false)
 5 FCPATH\index.php(79): CodeIgniter\CodeIgniter->run()
 6 SYSTEMPATH\Commands\Server\rewrite.php(47): require_once('C:\\xampp\\htdocs\\DAW\\ProyectoMateriaDAW\\public\\index.php')
CRITICAL - 2023-11-29 01:11:59 --> Call to undefined method App\Models\UserModel::get_user
in SYSTEMPATH\Model.php on line 873.
 1 APPPATH\Controllers\LoginController.php(28): CodeIgniter\Model->__call('get_user', [...])
 2 SYSTEMPATH\CodeIgniter.php(942): App\Controllers\LoginController->login()
 3 SYSTEMPATH\CodeIgniter.php(502): CodeIgniter\CodeIgniter->runController(Object(App\Controllers\LoginController))
 4 SYSTEMPATH\CodeIgniter.php(361): CodeIgniter\CodeIgniter->handleRequest(null, Object(Config\Cache), false)
 5 FCPATH\index.php(79): CodeIgniter\CodeIgniter->run()
 6 SYSTEMPATH\Commands\Server\rewrite.php(47): require_once('C:\\xampp\\htdocs\\DAW\\ProyectoMateriaDAW\\public\\index.php')
